Started GET "/" for ::1 at 2017-04-25 01:41:52 -0500
  
Mysql2::Error (Can't connect to MySQL server on 'turing.cs.olemiss.edu' (51)):
  
mysql2 (0.4.5) lib/mysql2/client.rb:89:in `connect'
mysql2 (0.4.5) lib/mysql2/client.rb:89:in `initialize'
activerecord (5.0.2) lib/active_record/connection_adapters/mysql2_adapter.rb:25:in `new'
activerecord (5.0.2) lib/active_record/connection_adapters/mysql2_adapter.rb:25:in `mysql2_connection'
activerecord (5.0.2) lib/active_record/connection_adapters/abstract/connection_pool.rb:729:in `new_connection'
activerecord (5.0.2) lib/active_record/connection_adapters/abstract/connection_pool.rb:773:in `checkout_new_connection'
activerecord (5.0.2) lib/active_record/connection_adapters/abstract/connection_pool.rb:752:in `try_to_checkout_new_connection'
activerecord (5.0.2) lib/active_record/connection_adapters/abstract/connection_pool.rb:713:in `acquire_connection'
activerecord (5.0.2) lib/active_record/connection_adapters/abstract/connection_pool.rb:490:in `checkout'
activerecord (5.0.2) lib/active_record/connection_adapters/abstract/connection_pool.rb:364:in `connection'
activerecord (5.0.2) lib/active_record/connection_adapters/abstract/connection_pool.rb:883:in `retrieve_connection'
activerecord (5.0.2) lib/active_record/connection_handling.rb:128:in `retrieve_connection'
activerecord (5.0.2) lib/active_record/connection_handling.rb:91:in `connection'
activerecord (5.0.2) lib/active_record/migration.rb:559:in `connection'
activerecord (5.0.2) lib/active_record/migration.rb:546:in `call'
actionpack (5.0.2) lib/action_dispatch/middleware/callbacks.rb:38:in `block in call'
activesupport (5.0.2) lib/active_support/callbacks.rb:97:in `__run_callbacks__'
activesupport (5.0.2) lib/active_support/callbacks.rb:750:in `_run_call_callbacks'
activesupport (5.0.2) lib/active_support/callbacks.rb:90:in `run_callbacks'
actionpack (5.0.2) lib/action_dispatch/middleware/callbacks.rb:36:in `call'
actionpack (5.0.2) lib/action_dispatch/middleware/executor.rb:12:in `call'
actionpack (5.0.2) lib/action_dispatch/middleware/remote_ip.rb:79:in `call'
actionpack (5.0.2) lib/action_dispatch/middleware/debug_exceptions.rb:49:in `call'
web-console (3.4.0) lib/web_console/middleware.rb:135:in `call_app'
web-console (3.4.0) lib/web_console/middleware.rb:28:in `block in call'
web-console (3.4.0) lib/web_console/middleware.rb:18:in `catch'
web-console (3.4.0) lib/web_console/middleware.rb:18:in `call'
actionpack (5.0.2) lib/action_dispatch/middleware/show_exceptions.rb:31:in `call'
railties (5.0.2) lib/rails/rack/logger.rb:36:in `call_app'
railties (5.0.2) lib/rails/rack/logger.rb:24:in `block in call'
activesupport (5.0.2) lib/active_support/tagged_logging.rb:69:in `block in tagged'
activesupport (5.0.2) lib/active_support/tagged_logging.rb:26:in `tagged'
activesupport (5.0.2) lib/active_support/tagged_logging.rb:69:in `tagged'
railties (5.0.2) lib/rails/rack/logger.rb:24:in `call'
sprockets-rails (3.2.0) lib/sprockets/rails/quiet_assets.rb:13:in `call'
actionpack (5.0.2) lib/action_dispatch/middleware/request_id.rb:24:in `call'
rack (2.0.1) lib/rack/method_override.rb:22:in `call'
rack (2.0.1) lib/rack/runtime.rb:22:in `call'
activesupport (5.0.2) lib/active_support/cache/strategy/local_cache_middleware.rb:28:in `call'
actionpack (5.0.2) lib/action_dispatch/middleware/executor.rb:12:in `call'
actionpack (5.0.2) lib/action_dispatch/middleware/static.rb:136:in `call'
rack (2.0.1) lib/rack/sendfile.rb:111:in `call'
railties (5.0.2) lib/rails/engine.rb:522:in `call'
puma (3.8.2) lib/puma/configuration.rb:224:in `call'
puma (3.8.2) lib/puma/server.rb:600:in `handle_request'
puma (3.8.2) lib/puma/server.rb:435:in `process_client'
puma (3.8.2) lib/puma/server.rb:299:in `block in run'
puma (3.8.2) lib/puma/thread_pool.rb:120:in `block in spawn_thread'
  Rendering /Users/blakejlewis/.rvm/gems/ruby-2.4.0/gems/actionpack-5.0.2/lib/action_dispatch/middleware/templates/rescues/diagnostics.html.erb within rescues/layout
  Rendering /Users/blakejlewis/.rvm/gems/ruby-2.4.0/gems/actionpack-5.0.2/lib/action_dispatch/middleware/templates/rescues/_source.html.erb
  Rendered /Users/blakejlewis/.rvm/gems/ruby-2.4.0/gems/actionpack-5.0.2/lib/action_dispatch/middleware/templates/rescues/_source.html.erb (16.4ms)
  Rendering /Users/blakejlewis/.rvm/gems/ruby-2.4.0/gems/actionpack-5.0.2/lib/action_dispatch/middleware/templates/rescues/_trace.html.erb
  Rendered /Users/blakejlewis/.rvm/gems/ruby-2.4.0/gems/actionpack-5.0.2/lib/action_dispatch/middleware/templates/rescues/_trace.html.erb (4.3ms)
  Rendering /Users/blakejlewis/.rvm/gems/ruby-2.4.0/gems/actionpack-5.0.2/lib/action_dispatch/middleware/templates/rescues/_request_and_response.html.erb
  Rendered /Users/blakejlewis/.rvm/gems/ruby-2.4.0/gems/actionpack-5.0.2/lib/action_dispatch/middleware/templates/rescues/_request_and_response.html.erb (2.0ms)
  Rendered /Users/blakejlewis/.rvm/gems/ruby-2.4.0/gems/actionpack-5.0.2/lib/action_dispatch/middleware/templates/rescues/diagnostics.html.erb within rescues/layout (245.7ms)
Started GET "/" for ::1 at 2017-04-26 20:07:11 -0500
  [1m[36mActiveRecord::SchemaMigration Load (1.3ms)[0m  [1m[34mSELECT `schema_migrations`.* FROM `schema_migrations`[0m
Processing by WelcomeController#index as HTML
  Rendering welcome/index.html.erb within layouts/application
  Rendered welcome/index.html.erb within layouts/application (2.1ms)
  [1m[36mUser Load (0.3ms)[0m  [1m[34mSELECT  `users`.* FROM `users` WHERE `users`.`id` = 1 ORDER BY `users`.`id` ASC LIMIT 1[0m
Completed 200 OK in 6735ms (Views: 6713.7ms | ActiveRecord: 2.9ms)


Started GET "/receipts/index" for ::1 at 2017-04-26 20:07:23 -0500
Processing by ReceiptsController#index as HTML
  Rendering receipts/index.html.erb within layouts/application
  [1m[36mReceipt Load (16.3ms)[0m  [1m[34mSELECT `receipts`.* FROM `receipts`[0m
  Rendered receipts/index.html.erb within layouts/application (20.3ms)
  [1m[36mUser Load (0.6ms)[0m  [1m[34mSELECT  `users`.* FROM `users` WHERE `users`.`id` = 1 ORDER BY `users`.`id` ASC LIMIT 1[0m
Completed 200 OK in 124ms (Views: 90.8ms | ActiveRecord: 17.7ms)


Started GET "/receipts/new" for ::1 at 2017-04-26 20:07:29 -0500
Processing by ReceiptsController#new as HTML
  Rendering receipts/new.html.erb within layouts/application
  Rendered receipts/new.html.erb within layouts/application (32.3ms)
  [1m[36mUser Load (0.5ms)[0m  [1m[34mSELECT  `users`.* FROM `users` WHERE `users`.`id` = 1 ORDER BY `users`.`id` ASC LIMIT 1[0m
Completed 200 OK in 128ms (Views: 113.6ms | ActiveRecord: 1.0ms)


Started POST "/receipts" for ::1 at 2017-04-26 20:07:42 -0500
Processing by ReceiptsController#create as HTML
  Parameters: {"utf8"=>"✓", "authenticity_token"=>"BYKJSBHdZzZriFBiaoZZSR3+kJbjrbxu3l0JbC4q+RfaibBljHNvFVFPwD0z/vpUNrv80CXbfYydGgiJrmmKVQ==", "receipt"=>{"name"=>"asdfsd", "attachment"=>#<ActionDispatch::Http::UploadedFile:0x007fcbb4058570 @tempfile=#<Tempfile:/var/folders/wn/1ytwgwgn305bvbkth07m59ww0000gn/T/RackMultipart20170426-3938-9g39dc.jpg>, @original_filename="17457258_10209071267434811_7360810766715170552_n.jpg", @content_type="image/jpeg", @headers="Content-Disposition: form-data; name=\"receipt[attachment]\"; filename=\"17457258_10209071267434811_7360810766715170552_n.jpg\"\r\nContent-Type: image/jpeg\r\n">}, "commit"=>"Save"}
  [1m[35m (1.3ms)[0m  [1m[35mBEGIN[0m
  [1m[35mSQL (16.9ms)[0m  [1m[32mINSERT INTO `receipts` (`name`, `attachment`, `created_at`, `updated_at`) VALUES ('asdfsd', '17457258_10209071267434811_7360810766715170552_n.jpg', '2017-04-27 01:07:42', '2017-04-27 01:07:42')[0m
  [1m[35m (3.7ms)[0m  [1m[35mCOMMIT[0m
Redirected to http://localhost:3000/receipts
Completed 302 Found in 43ms (ActiveRecord: 22.0ms)


Started GET "/receipts" for ::1 at 2017-04-26 20:07:42 -0500
Processing by ReceiptsController#index as HTML
  Rendering receipts/index.html.erb within layouts/application
  [1m[36mReceipt Load (0.3ms)[0m  [1m[34mSELECT `receipts`.* FROM `receipts`[0m
  Rendered receipts/index.html.erb within layouts/application (3.0ms)
  [1m[36mUser Load (0.4ms)[0m  [1m[34mSELECT  `users`.* FROM `users` WHERE `users`.`id` = 1 ORDER BY `users`.`id` ASC LIMIT 1[0m
Completed 200 OK in 140ms (Views: 137.1ms | ActiveRecord: 0.7ms)


